0111101110
0111101110
0111101110
0111101110
0111101110
0111101110
0111101110
0111101110
0111101110
0111101110
0111101110
0111101110
0111101110
0111101110
0111101110
0111101110
0111101110
0111101110
0111101110
1100110111
1100110111
1100110111
1100110111
1100110111
1100110111
1100110111
1100110111
1100110111
1100110111
1100110111
1100110111
1100110111
1100110111
1100110111
1100110111
1100110111
1100110111
1100110111
1100110111
1100101111
1100110111
1100110111
1100101111
1100101111
1100101111
1100101111
1100101111
1100101111
1100101111
1100101111
1100101111
1100101111
1100101111
1100101111
1100101111
1100101111
1100101111
1100101111
1100101111
1100101111
1100101111
1100101111
1100101111
1100101111
1100101111
1100101111
1100101111
1100101111
1100101111
1100101111
1100101111
1100101111
1100101111
1100101111
1100101111
1100101111
1100101111
1100101111
1100101111
1100101111
1100101111
1100101111
1100101111
1100101111
1100101111
1100101111
1100101111
1100101111
1100101111
1100101111
1100101111
1100101111
1100101111
1100101111
1100101111
1100101111
1100101111
0111110101
0111110101
0111110101
0111110101
