1001101111
0111010111
0111010111
0111110110
0111110110
0110110111
0111110110
0111110110
0111110110
0111110110
0111110110
0111110110
0111110110
0111110110
0111110110
0111110110
0111110110
0111110110
1011001111
0101011111
1010011111
0101011111
0101011111
0101011111
0101011111
0101011111
0101011111
0101011111
0101011111
0101011111
0101011111
0101011111
0101011111
0101011111
1101001111
1101001111
1101001111
1101001111
1101001111
1101111100
1101111100
1101111100
1101111100
1101111100
1101111100
1101111100
1101111100
1101111100
1101111100
1101111100
1101111100
1101111100
1101111100
1101111100
1101111100
1101111100
1101111100
1101111100
1101111100
1101111100
1101111100
1101111100
1101111100
1111101100
1101111100
1101111100
1101111100
1101111100
1101111100
1101111100
1101111100
1101111100
1101111100
1101111100
1101111100
1101111100
1101111100
1101111100
1101111100
1101111100
1101111100
1101111100
1101111100
1101111100
1101111100
1101111100
1101111100
1101111100
1101111100
1101111100
1101111100
1101111100
1101111100
1101111100
1101111100
1101111100
1101111100
1101111100
1101111100
1101111100
1101111100
