1011110101
1101011011
1101011011
1101011011
1101011011
1101111010
1001111110
1101101110
1101101110
1101101110
1101101110
1101101110
1101101110
1101101110
1101101110
1101100111
1011110101
1011110101
1011110101
1011110101
1011110101
1011110101
1010111011
1010111011
1010111011
1010111011
1010111011
1010111011
1010111011
1010111011
1010111011
1010111011
1010111011
1010111011
1010111011
1010111011
1010111011
1010111011
1010110111
1010110111
1010110111
1010110111
1010110111
1010110111
1010111011
0011111011
0011111011
0011111011
0011111011
0011111011
0011111011
0011111011
0011111011
0011111011
0011111011
0011111011
0011111011
0101111011
0101111011
0011111011
0011111011
0011111011
0011111011
0011111011
0011111011
0011111011
0011111011
0011111011
0011111011
0011111011
1111110001
1111110001
1111110001
1111110001
1111110001
1111110001
1111110001
1111110001
1111110001
1111110001
1111110001
1111110001
1111110001
1111110001
1111110001
1111110001
1111110001
1111110001
1111110001
1111110001
1111110001
1111110001
1111110001
1111110001
1111110001
1111110001
1111110001
1111110001
1111110001
1111110001
1111110001
